Arguments: 
  /home/gaurav/.nvm/versions/node/v16.14.2/bin/node /usr/share/yarn/bin/yarn.js add --dev @0xPolygonID/contracts

PATH: 
  /home/gaurav/.vscode-server/bin/441438abd1ac652551dbe4d408dfcec8a499b8bf/bin/remote-cli:/home/gaurav/.cargo/bin:/home/gaurav/.nvm/versions/node/v16.14.2/bin:/usr/local/sbin:/usr/local/bin:/usr/sbin:/usr/bin:/sbin:/bin:/usr/games:/usr/local/games:/usr/lib/wsl/lib:/mnt/c/Program Files (x86)/VMware/VMware Player/bin/:/mnt/c/Windows/system32:/mnt/c/Windows:/mnt/c/Windows/System32/Wbem:/mnt/c/Windows/System32/WindowsPowerShell/v1.0/:/mnt/c/Windows/System32/OpenSSH/:/mnt/c/Program Files (x86)/Intel/Intel(R) Management Engine Components/DAL:/mnt/c/Program Files/Intel/Intel(R) Management Engine Components/DAL:/mnt/c/Program Files (x86)/NVIDIA Corporation/PhysX/Common:/mnt/c/Program Files/NVIDIA Corporation/NVIDIA NvDLISR:/mnt/c/WINDOWS/system32:/mnt/c/WINDOWS:/mnt/c/WINDOWS/System32/Wbem:/mnt/c/WINDOWS/System32/WindowsPowerShell/v1.0/:/mnt/c/WINDOWS/System32/OpenSSH/:/mnt/c/Program Files/Git/cmd:/mnt/c/MinGW/bin:/mnt/c/TDM-GCC-64/bin:/mnt/c/Program Files/nodejs/:/mnt/c/Program Files/dotnet/:/mnt/c/Program Files/MATLAB/R2022b/bin:/mnt/c/Program Files/clarinet/bin/:/mnt/c/Users/Gaurav U/AppData/Local/Programs/Python/Python310/Scripts/:/mnt/c/Users/Gaurav U/AppData/Local/Programs/Python/Python310/:/mnt/c/Users/Gaurav U/AppData/Local/Programs/Python/Python37/Scripts/:/mnt/c/Users/Gaurav U/AppData/Local/Programs/Python/Python37/:/mnt/c/Users/Gaurav U/AppData/Local/Microsoft/WindowsApps:/mnt/c/Users/Gaurav U/AppData/Local/GitHubDesktop/bin:/mnt/c/src/flutter/bin:/mnt/c/Users/Gaurav U/AppData/Local/Programs/Microsoft VS Code/bin:/mnt/c/Users/Gaurav U/AppData/Roaming/npm:/mnt/c/users/gaurav u/.local/bin:/mnt/c/users/gaurav u/appdata/roaming/python/python37/scripts:/mnt/c/users/gaurav u/appdata/roaming/python/python310/scripts:/mnt/c/ffmpeg/ffmpeg-5.1.2-full_build/bin/:/mnt/c/Users/Gaurav U/.dotnet/tools:/snap/bin:/home/gaurav/.foundry/bin:/home/gaurav/.foundry/bin

Yarn version: 
  1.22.19

Node version: 
  16.14.2

Platform: 
  linux x64

Trace: 
  Error: https://registry.yarnpkg.com/@0xPolygonID%2fcontracts: Not found
      at Request.params.callback [as _callback] (/usr/share/yarn/lib/cli.js:66145:18)
      at Request.self.callback (/usr/share/yarn/lib/cli.js:140890:22)
      at Request.emit (node:events:526:28)
      at Request.<anonymous> (/usr/share/yarn/lib/cli.js:141862:10)
      at Request.emit (node:events:526:28)
      at IncomingMessage.<anonymous> (/usr/share/yarn/lib/cli.js:141784:12)
      at Object.onceWrapper (node:events:645:28)
      at IncomingMessage.emit (node:events:538:35)
      at endReadableNT (node:internal/streams/readable:1345:12)
      at processTicksAndRejections (node:internal/process/task_queues:83:21)

npm manifest: 
  {
    "devDependencies": {
      "@openzeppelin/contracts": "^4.8.1"
    }
  }

yarn manifest: 
  No manifest

Lockfile: 
  # THIS IS AN AUTOGENERATED FILE. DO NOT EDIT THIS FILE DIRECTLY.
  # yarn lockfile v1
  
  
  "@openzeppelin/contracts@^4.8.1":
    version "4.8.1"
    resolved "https://registry.yarnpkg.com/@openzeppelin/contracts/-/contracts-4.8.1.tgz#709cfc4bbb3ca9f4460d60101f15dac6b7a2d5e4"
    integrity sha512-xQ6eUZl+RDyb/FiZe1h+U7qr/f4p/SrTSQcTPH2bjur3C5DbuW/zFgCU/b1P/xcIaEqJep+9ju4xDRi3rmChdQ==
